0 info it worked if it ends with ok
1 verbose cli [ '/Users/daniel/.nvm/v0.10.31/bin/node',
1 verbose cli   '/Users/daniel/.nvm/v0.10.31/bin/npm',
1 verbose cli   'run',
1 verbose cli   'test' ]
2 info using npm@1.4.23
3 info using node@v0.10.31
4 verbose run-script [ 'pretest', 'test', 'posttest' ]
5 info pretest podscrape@1.0.0
6 info test podscrape@1.0.0
7 verbose unsafe-perm in lifecycle true
8 info podscrape@1.0.0 Failed to exec test script
9 error podscrape@1.0.0 test: `echo "Error: no test specified" && exit 1`
9 error Exit status 1
10 error Failed at the podscrape@1.0.0 test script.
10 error This is most likely a problem with the podscrape package,
10 error not with npm itself.
10 error Tell the author that this fails on your system:
10 error     echo "Error: no test specified" && exit 1
10 error You can get their info via:
10 error     npm owner ls podscrape
10 error There is likely additional logging output above.
11 error System Darwin 13.4.0
12 error command "/Users/daniel/.nvm/v0.10.31/bin/node" "/Users/daniel/.nvm/v0.10.31/bin/npm" "run" "test"
13 error cwd /Users/daniel/Code/iMetrical/scrobbleCast/scrape
14 error node -v v0.10.31
15 error npm -v 1.4.23
16 error code ELIFECYCLE
17 verbose exit [ 1, true ]
